2017-09-19 13:13:54  [ main:0 ] - [ DEBUG ]  no sigar-amd64-winnt.dll in java.library.path
org.hyperic.sigar.SigarException: no sigar-amd64-winnt.dll in java.library.path
	at org.hyperic.sigar.Sigar.loadLibrary(Sigar.java:172)
	at org.hyperic.sigar.Sigar.<clinit>(Sigar.java:100)
	at cxz.jet.MonitorConntor.initSigar(MonitorConntor.java:221)
	at cxz.jet.MonitorConntor.<clinit>(MonitorConntor.java:43)
	at sun.reflect.NativeConstructorAccessorImpl.newInstance0(Native Method)
	at sun.reflect.NativeConstructorAccessorImpl.newInstance(Unknown Source)
	at sun.reflect.DelegatingConstructorAccessorImpl.newInstance(Unknown Source)
	at java.lang.reflect.Constructor.newInstance(Unknown Source)
	at org.springframework.beans.BeanUtils.instantiateClass(BeanUtils.java:147)
	at org.springframework.beans.factory.support.SimpleInstantiationStrategy.instantiate(SimpleInstantiationStrategy.java:89)
	at org.springframework.beans.factory.support.AbstractAutowireCapableBeanFactory.instantiateBean(AbstractAutowireCapableBeanFactory.java:1098)
	at org.springframework.beans.factory.support.AbstractAutowireCapableBeanFactory.createBeanInstance(AbstractAutowireCapableBeanFactory.java:1050)
	at org.springframework.beans.factory.support.AbstractAutowireCapableBeanFactory.doCreateBean(AbstractAutowireCapableBeanFactory.java:510)
	at org.springframework.beans.factory.support.AbstractAutowireCapableBeanFactory.createBean(AbstractAutowireCapableBeanFactory.java:482)
	at org.springframework.beans.factory.support.AbstractBeanFactory$1.getObject(AbstractBeanFactory.java:306)
	at org.springframework.beans.factory.support.DefaultSingletonBeanRegistry.getSingleton(DefaultSingletonBeanRegistry.java:230)
	at org.springframework.beans.factory.support.AbstractBeanFactory.doGetBean(AbstractBeanFactory.java:302)
	at org.springframework.beans.factory.support.AbstractBeanFactory.getBean(AbstractBeanFactory.java:197)
	at org.springframework.beans.factory.support.DefaultListableBeanFactory.preInstantiateSingletons(DefaultListableBeanFactory.java:772)
	at org.springframework.context.support.AbstractApplicationContext.finishBeanFactoryInitialization(AbstractApplicationContext.java:838)
	at org.springframework.context.support.AbstractApplicationContext.refresh(AbstractApplicationContext.java:537)
	at org.springframework.context.support.ClassPathXmlApplicationContext.<init>(ClassPathXmlApplicationContext.java:139)
	at org.springframework.context.support.ClassPathXmlApplicationContext.<init>(ClassPathXmlApplicationContext.java:83)
	at engine.bean.BeanFactory.init(BeanFactory.java:12)
	at engine.server.ServerBase.InitBean(ServerBase.java:71)
	at engine.server.ServerBase.InitAll(ServerBase.java:25)
	at cxz.jet.gmserver.CenterServer.<init>(CenterServer.java:24)
	at cxz.jet.gmserver.CenterServer.main(CenterServer.java:114)
2017-09-19 13:13:54  [ main:66 ] - [ DEBUG ]  BeanFactory inited !
2017-09-19 13:13:57  [ Thread-0:2982 ] - [ INFO ]  can not connect to dbserver 127.0.0.1 9157, waiting....
2017-09-19 13:14:07  [ main:13229 ] - [ INFO ]  Start listening for client @ 9161
2017-09-19 13:14:07  [ Thread-3:13257 ] - [ DEBUG ]  httpserver started at 18080
2017-09-19 13:14:07  [ Thread-4:13263 ] - [ DEBUG ]  tcpserver started at 9161
2017-09-19 13:14:08  [ nioEventLoopGroup-10-1:14038 ] - [ DEBUG ]  Server connect from 127.0.0.1
2017-09-19 13:14:39  [ nioEventLoopGroup-10-2:44877 ] - [ DEBUG ]  Server connect from 127.0.0.1
